{"C:\\Users\\ilyae\\OneDrive\\Рабочий стол\\ForIn\\src\\js\\app.js": {"path":"C:\\Users\\ilyae\\OneDrive\\Рабочий стол\\ForIn\\src\\js\\app.js","statementMap":{"0":{"start":{"line":1,"column":12},"end":{"line":1,"column":75}},"1":{"start":{"line":4,"column":18},"end":{"line":4,"column":20}},"2":{"start":{"line":5,"column":20},"end":{"line":5,"column":22}},"3":{"start":{"line":7,"column":2},"end":{"line":11,"column":3}},"4":{"start":{"line":8,"column":4},"end":{"line":10,"column":5}},"5":{"start":{"line":9,"column":6},"end":{"line":9,"column":44}},"6":{"start":{"line":13,"column":2},"end":{"line":17,"column":3}},"7":{"start":{"line":14,"column":4},"end":{"line":16,"column":5}},"8":{"start":{"line":15,"column":6},"end":{"line":15,"column":46}},"9":{"start":{"line":19,"column":2},"end":{"line":19,"column":54}},"10":{"start":{"line":19,"column":26},"end":{"line":19,"column":52}},"11":{"start":{"line":21,"column":2},"end":{"line":21,"column":35}},"12":{"start":{"line":25,"column":0},"end":{"line":25,"column":52}}},"fnMap":{"0":{"name":"orderByProps","decl":{"start":{"line":3,"column":9},"end":{"line":3,"column":21}},"loc":{"start":{"line":3,"column":34},"end":{"line":22,"column":1}},"line":3},"1":{"name":"(anonymous_1)","decl":{"start":{"line":19,"column":17},"end":{"line":19,"column":18}},"loc":{"start":{"line":19,"column":26},"end":{"line":19,"column":52}},"line":19}},"branchMap":{"0":{"loc":{"start":{"line":8,"column":4},"end":{"line":10,"column":5}},"type":"if","locations":[{"start":{"line":8,"column":4},"end":{"line":10,"column":5}},{"start":{},"end":{}}],"line":8},"1":{"loc":{"start":{"line":14,"column":4},"end":{"line":16,"column":5}},"type":"if","locations":[{"start":{"line":14,"column":4},"end":{"line":16,"column":5}},{"start":{},"end":{}}],"line":14}},"s":{"0":1,"1":3,"2":3,"3":3,"4":7,"5":6,"6":3,"7":10,"8":4,"9":3,"10":4,"11":3,"12":1},"f":{"0":3,"1":4},"b":{"0":[6,1],"1":[4,6]},"_coverageSchema":"1a1c01bbd47fc00a2c39e90264f33305004495a9","hash":"c4a4ed41c8eaa17a9d23b674a055d25505fb6f74"}
}
